<?xml version="1.0" encoding="UTF-8"?>
<!-- Generated by org.testng.reporters.JUnitReportReporter -->
<testsuite skipped="0" hostname="MYDear-PC" name="com.starlite.test.smoke.TestSample" tests="1" failures="0" timestamp="25 Sep 2021 03:53:11 GMT" time="9.119" errors="0">
  <testcase name="testSample" time="9.119" classname="com.starlite.test.smoke.TestSample"/>
</testsuite> <!-- com.starlite.test.smoke.TestSample -->
